<?xml version="1.0" encoding="UTF-8"?>
<testng-results ignored="0" total="1" passed="1" failed="0" skipped="0">
  <reporter-output>
  </reporter-output>
  <suite started-at="2025-05-07T11:28:26 IST" name="Suite" finished-at="2025-05-07T11:28:31 IST" duration-ms="4666">
    <groups>
    </groups>
    <test started-at="2025-05-07T11:28:26 IST" name="Test" finished-at="2025-05-07T11:28:31 IST" duration-ms="4666">
      <class name="Maven_jenkins.googleSearch">
        <test-method is-config="true" signature="setUp()[pri:0, instance:Maven_jenkins.googleSearch@117159c0]" started-at="2025-05-07T11:28:26 IST" name="setUp" finished-at="2025-05-07T11:28:28 IST" duration-ms="2095" status="PASS">
          <reporter-output>
          </reporter-output>
        </test-method> <!-- setUp -->
        <test-method signature="TestGoogleSearch()[pri:0, instance:Maven_jenkins.googleSearch@117159c0]" started-at="2025-05-07T11:28:28 IST" name="TestGoogleSearch" finished-at="2025-05-07T11:28:31 IST" duration-ms="2400" status="PASS">
          <reporter-output>
          </reporter-output>
        </test-method> <!-- TestGoogleSearch -->
        <test-method is-config="true" signature="tearDown()[pri:0, instance:Maven_jenkins.googleSearch@117159c0]" started-at="2025-05-07T11:28:31 IST" name="tearDown" finished-at="2025-05-07T11:28:31 IST" duration-ms="2" status="PASS">
          <reporter-output>
          </reporter-output>
        </test-method> <!-- tearDown -->
      </class> <!-- Maven_jenkins.googleSearch -->
    </test> <!-- Test -->
  </suite> <!-- Suite -->
</testng-results>
